<?xml version="1.0" encoding="UTF-8"?>
<!-- Generated by org.testng.reporters.JUnitReportReporter -->
<testsuite skipped="0" hostname="csn-vm-t3q-0053" name="Test1.NewTest" tests="1" failures="0" timestamp="09 Jan 2018 07:11:47 GMT" time="31.726" errors="0">
  <testcase name="OpenURL" time="31.726" classname="Test1.NewTest"/>
</testsuite> <!-- Test1.NewTest -->
